Vivado Simulator 2017.3
Copyright 1986-1999, 2001-2016 Xilinx, Inc. All Rights Reserved.
Running: C:/Xilinx/Vivado/2017.3/bin/unwrapped/win64.o/xelab.exe -wto e9df3a3dd4554e64984dc799cb686c2e --incr --debug typical --relax --mt 2 -L xil_defaultlib -L secureip --snapshot simulation_behav xil_defaultlib.simulation -log elaborate.log 
Using 2 slave threads.
Starting static elaboration
Completed static elaboration
Starting simulation data flow analysis
Completed simulation data flow analysis
Time Resolution for simulation is 1ps
Compiling package std.standard
Compiling package std.textio
Compiling package ieee.std_logic_1164
Compiling package ieee.numeric_std
Compiling package ieee.std_logic_arith
Compiling package ieee.std_logic_unsigned
Compiling package unisim.vcomponents
Compiling package ieee.std_logic_signed
Compiling package ieee.vital_timing
Compiling package ieee.vital_primitives
Compiling package unisim.vpkg
Compiling package ieee.std_logic_textio
Compiling architecture rb18_internal_vhdl_v of entity unisim.RB18_INTERNAL_VHDL [\RB18_INTERNAL_VHDL(bram_size=18...]
Compiling architecture ramb18e1_v of entity unisim.RAMB18E1 [\RAMB18E1(initp_00="001000101100...]
Compiling architecture ramb16_s18_v of entity unisim.RAMB16_S18 [\RAMB16_S18(initp_00="0010001011...]
Compiling architecture low_level_definition of entity xil_defaultlib.prog_rom [prog_rom_default]
Compiling architecture my_alu of entity xil_defaultlib.ALU [alu_default]
Compiling architecture behavioral of entity xil_defaultlib.FlagFF [flagff_default]
Compiling architecture behavioral of entity xil_defaultlib.MuxTwoOne_1Bit [muxtwoone_1bit_default]
Compiling architecture behavioral of entity xil_defaultlib.FlagReg [flagreg_default]
Compiling architecture behavioral of entity xil_defaultlib.CONTROL_UNIT [control_unit_default]
Compiling architecture behavioral of entity xil_defaultlib.RegisterFile [registerfile_default]
Compiling architecture behavioral of entity xil_defaultlib.PC [pc_default]
Compiling architecture behavioral of entity xil_defaultlib.MuxFourOne_8Bit [muxfourone_8bit_default]
Compiling architecture behavioral of entity xil_defaultlib.MuxTwoOne_8Bit [muxtwoone_8bit_default]
Compiling architecture behavioral of entity xil_defaultlib.SP [sp_default]
Compiling architecture behavioral of entity xil_defaultlib.MuxTwoOne_10Bit [muxtwoone_10bit_default]
Compiling architecture scratch_ram of entity xil_defaultlib.Scratch_RAM [scratch_ram_default]
Compiling architecture behavioral of entity xil_defaultlib.I [i_default]
Compiling architecture behavioral of entity xil_defaultlib.RAT_MCU [rat_mcu_default]
Compiling architecture behavioral of entity xil_defaultlib.simulation
Built simulation snapshot simulation_behav
